Flutter crash report.
Please report a bug at https://github.com/flutter/flutter/issues.

## command

flutter pub get

## exception

FormatException: FormatException: Unexpected end of input (at character 1)

^


```
#0      _ChunkedJsonParser.fail (dart:convert-patch/convert_patch.dart:1376:5)
#1      _ChunkedJsonParser.close (dart:convert-patch/convert_patch.dart:494:7)
#2      _parseJson (dart:convert-patch/convert_patch.dart:36:10)
#3      JsonDecoder.convert (dart:convert/json.dart:610:36)
#4      JsonCodec.decode (dart:convert/json.dart:216:41)
#5      jsonDecode (dart:convert/json.dart:155:10)
#6      Session._refreshSessionData.parseContents (package:unified_analytics/src/session.dart:83:11)
#7      Session._refreshSessionData (package:unified_analytics/src/session.dart:93:7)
#8      new Session (package:unified_analytics/src/session.dart:28:5)
#9      new AnalyticsImpl (package:unified_analytics/src/analytics.dart:427:23)
#10     new Analytics (package:unified_analytics/src/analytics.dart:83:12)
#11     getAnalytics (package:flutter_tools/src/reporting/unified_analytics.dart:51:10)
#12     runInContext.<anonymous closure> (package:flutter_tools/src/context_runner.dart:92:24)
#13     AppContext._generateIfNecessary.<anonymous closure> (package:flutter_tools/src/base/context.dart:107:42)
#14     _LinkedHashMapMixin.putIfAbsent (dart:collection-patch/compact_hash.dart:543:23)
#15     AppContext._generateIfNecessary (package:flutter_tools/src/base/context.dart:95:20)
#16     AppContext.get (package:flutter_tools/src/base/context.dart:124:32)
#17     AppContext.get (package:flutter_tools/src/base/context.dart:122:23)
#18     AppContext.get (package:flutter_tools/src/base/context.dart:122:23)
#19     analytics (package:flutter_tools/src/globals.dart:96:36)
#20     FlutterCommand.analytics (package:flutter_tools/src/runner/flutter_command.dart:235:38)
#21     FlutterCommand.verifyThenRunCommand (package:flutter_tools/src/runner/flutter_command.dart:1762:7)
<asynchronous suspension>
#22     FlutterCommand.run.<anonymous closure> (package:flutter_tools/src/runner/flutter_command.dart:1389:27)
<asynchronous suspension>
#23     AppContext.run.<anonymous closure> (package:flutter_tools/src/base/context.dart:153:19)
<asynchronous suspension>
#24     CommandRunner.runCommand (package:args/command_runner.dart:212:13)
<asynchronous suspension>
#25     FlutterCommandRunner.runCommand.<anonymous closure> (package:flutter_tools/src/runner/flutter_command_runner.dart:355:9)
<asynchronous suspension>
#26     AppContext.run.<anonymous closure> (package:flutter_tools/src/base/context.dart:153:19)
<asynchronous suspension>
#27     FlutterCommandRunner.runCommand (package:flutter_tools/src/runner/flutter_command_runner.dart:295:5)
<asynchronous suspension>
#28     run.<anonymous closure>.<anonymous closure> (package:flutter_tools/runner.dart:119:9)
<asynchronous suspension>
#29     AppContext.run.<anonymous closure> (package:flutter_tools/src/base/context.dart:153:19)
<asynchronous suspension>
#30     main (package:flutter_tools/executable.dart:90:3)
<asynchronous suspension>
```

## flutter doctor

```
[✓] Flutter (Channel stable, 3.19.0, on Microsoft Windows [Version 10.0.22621.3155], locale en-US)
    • Flutter version 3.19.0 on channel stable at C:\Users\SPENN\Documents\flutter\flutter
    • Upstream repository https://github.com/flutter/flutter.git
    • Framework revision bae5e49bc2 (5 days ago), 2024-02-13 17:46:18 -0800
    • Engine revision 04817c99c9
    • Dart version 3.3.0
    • DevTools version 2.31.1

[✓] Windows Version (Installed version of Windows is version 10 or higher)

[✓] Android toolchain - develop for Android devices (Android SDK version 34.0.0)
    • Android SDK at C:\Users\SPENN\AppData\Local\Android\sdk
    • Platform android-34, build-tools 34.0.0
    • ANDROID_HOME = C:\Users\SPENN\AppData\Local\Android\sdk
    • Java binary at: C:\Users\SPENN\AppData\Local\JetBrains\Toolbox\apps\AndroidStudio\ch-1\233.13135.103.2331.11360849\jbr\bin\java
    • Java version OpenJDK Runtime Environment (build 17.0.9+0--11255266)
    • All Android licenses accepted.

[✓] Chrome - develop for the web
    • Chrome at C:\Program Files\Google\Chrome\Application\chrome.exe

[✓] Visual Studio - develop Windows apps (Visual Studio Community 2022 17.7.4)
    • Visual Studio at C:\Program Files\Microsoft Visual Studio\2022\Community
    • Visual Studio Community 2022 version 17.7.34031.279
    • Windows 10 SDK version 10.0.22621.0

[✓] Android Studio (version 2022.3)
    • Android Studio at C:\Users\SPENN\AppData\Local\JetBrains\Toolbox\apps\AndroidStudio\ch-0\223.8836.35.2231.10671973
    • Flutter plugin can be installed from:
      🔨 https://plugins.jetbrains.com/plugin/9212-flutter
    • Dart plugin version 222.4582
    • Java version OpenJDK Runtime Environment (build 17.0.6+0-b2043.56-10027231)

[✓] Android Studio (version 2023.1)
    • Android Studio at C:\Users\SPENN\AppData\Local\Programs\Android Studio
    • Flutter plugin can be installed from:
      🔨 https://plugins.jetbrains.com/plugin/9212-flutter
    • Dart plugin can be installed from:
      🔨 https://plugins.jetbrains.com/plugin/6351-dart
    • Java version OpenJDK Runtime Environment (build 17.0.7+0-b2043.56-10550314)

[✓] Android Studio (version 2023.2)
    • Android Studio at C:\Users\SPENN\AppData\Local\JetBrains\Toolbox\apps\AndroidStudio\ch-1\232.9559.62.2321.10773421
    • Flutter plugin version 76.3.4
    • Dart plugin version 232.9559.10
    • Java version OpenJDK Runtime Environment (build 17.0.8+0--10699129)

[✓] Android Studio (version 2023.3)
    • Android Studio at C:\Users\SPENN\AppData\Local\JetBrains\Toolbox\apps\AndroidStudio\ch-1\233.13135.103.2331.11360849
    • Flutter plugin version 77.0.1
    • Dart plugin version 233.13135.65
    • Java version OpenJDK Runtime Environment (build 17.0.9+0--11255266)

[✓] IntelliJ IDEA Community Edition (version 2022.2)
    • IntelliJ at C:\Program Files\JetBrains\IntelliJ IDEA Community Edition 2022.2.3
    • Flutter plugin can be installed from:
      🔨 https://plugins.jetbrains.com/plugin/9212-flutter
    • Dart plugin can be installed from:
      🔨 https://plugins.jetbrains.com/plugin/6351-dart

[✓] VS Code (version 1.86.2)
    • VS Code at C:\Users\SPENN\AppData\Local\Programs\Microsoft VS Code
    • Flutter extension version 3.83.20240201

[✓] Connected device (3 available)
    • Windows (desktop) • windows • windows-x64    • Microsoft Windows [Version 10.0.22621.3155]
    • Chrome (web)      • chrome  • web-javascript • Google Chrome 121.0.6167.185
    • Edge (web)        • edge    • web-javascript • Microsoft Edge 121.0.2277.128

[✓] Network resources
    • All expected network resources are available.

• No issues found!
```
